<?xml version="1.0" encoding="UTF-8"?>
<!-- Generated by org.testng.reporters.JUnitReportReporter -->
<testsuite hostname="DESKTOP-1U1212V" failures="0" tests="3" name="com.cm.qa.testCases.HomePageTest" time="34.598" errors="0" timestamp="2022-01-14T10:46:56 IST" skipped="0">
  <testcase classname="com.cm.qa.testCases.HomePageTest" name="userNameTest" time="10.877"/>
  <system-out/>
  <testcase classname="com.cm.qa.testCases.HomePageTest" name="verifyHomePageTitleTest" time="10.888"/>
  <system-out/>
  <testcase classname="com.cm.qa.testCases.HomePageTest" name="verifyContactsLinkTest" time="12.833"/>
  <system-out/>
</testsuite> <!-- com.cm.qa.testCases.HomePageTest -->
