<?xml version="1.0" encoding="UTF-8"?>
<!-- Generated by org.testng.reporters.JUnitReportReporter -->
<testsuite hostname="DESKTOP-1U1212V" failures="0" tests="3" name="com.cm.qa.testCases.LoginPageTest" time="24.970" errors="0" timestamp="2022-01-14T10:46:56 IST" skipped="0">
  <testcase classname="com.cm.qa.testCases.LoginPageTest" name="loginPageTitleTest" time="7.679"/>
  <system-out/>
  <testcase classname="com.cm.qa.testCases.LoginPageTest" name="crmLogoImageTest" time="7.811"/>
  <system-out/>
  <testcase classname="com.cm.qa.testCases.LoginPageTest" name="loginTest" time="9.480"/>
  <system-out/>
</testsuite> <!-- com.cm.qa.testCases.LoginPageTest -->
